<?xml version="1.0" encoding="UTF-8"?>
<!--
  ~ Copyright Â© 2013 VillageReach.  All Rights Reserved.  This Source Code Form is subject to the terms of the Mozilla Public License, v. 2.0.
  ~
  ~ If a copy of the MPL was not distributed with this file, You can obtain one at http://mozilla.org/MPL/2.0/.
  -->

<beans xmlns="http://www.springframework.org/schema/beans"
       xmlns:xsi="http://www.w3.org/2001/XMLSchema-instance"
       xmlns:tx="http://www.springframework.org/schema/tx"
       xsi:schemaLocation="http://www.springframework.org/schema/beans http://www.springframework.org/schema/beans/spring-beans-3.1.xsd
                           http://www.springframework.org/schema/tx http://www.springframework.org/schema/tx/spring-tx-3.1.xsd">

    <import resource="classpath*:applicationContext-upload.xml"/>
    <tx:annotation-driven proxy-target-class="true"/>
</beans>